============================= test session starts ==============================
platform linux -- Python 3.13.3, pytest-8.4.2, pluggy-1.6.0
PySide6 6.10.0 -- Qt runtime 6.10.0 -- Qt compiled 6.10.0
rootdir: /home/gabrielh/projects/shotbot
configfile: pyproject.toml
plugins: xdist-3.8.0, qt-4.5.0, timeout-2.4.0, cov-7.0.0, mock-3.15.1, hypothesis-6.143.1
timeout: 120.0s
timeout method: thread
timeout func_only: False
created: 16/16 workers
16 workers [2667 items]

.......Fatal Python error: Segmentation fault

Thread 0x00007ff1133296c0 (most recent call first):
  File "/home/gabrielh/.local/share/uv/python/cpython-3.13.3-linux-x86_64-gnu/lib/python3.13/threading.py", line 363 in wait
  File "/home/gabrielh/.local/share/uv/python/cpython-3.13.3-linux-x86_64-gnu/lib/python3.13/threading.py", line 659 in wait
  File "/home/gabrielh/.local/share/uv/python/cpython-3.13.3-linux-x86_64-gnu/lib/python3.13/threading.py", line 1340 in run
  File "/home/gabrielh/.local/share/uv/python/cpython-3.13.3-linux-x86_64-gnu/lib/python3.13/threading.py", line 1041 in _bootstrap_inner
  File "/home/gabrielh/.local/share/uv/python/cpython-3.13.3-linux-x86_64-gnu/lib/python3.13/threading.py", line 1012 in _bootstrap

Thread 0x00007ff1219456c0 (most recent call first):
  File "/home/gabrielh/projects/shotbot/.venv/lib/python3.13/site-packages/execnet/gateway_base.py", line 534 in read
  File "/home/gabrielh/projects/shotbot/.venv/lib/python3.13/site-packages/execnet/gateway_base.py", line 567 in from_io
  File "/home/gabrielh/projects/shotbot/.venv/lib/python3.13/site-packages/execnet/gateway_base.py", line 1160 in _thread_receiver
  File "/home/gabrielh/projects/shotbot/.venv/lib/python3.13/site-packages/execnet/gateway_base.py", line 341 in run
  File "/home/gabrielh/projects/shotbot/.venv/lib/python3.13/site-packages/execnet/gateway_base.py", line 411 in _perform_spawn

Current thread 0x00007ff121f34740 (most recent call first):
  File "/home/gabrielh/projects/shotbot/.venv/lib/python3.13/site-packages/pytestqt/plugin.py", line 220 in _process_events
  File "/home/gabrielh/projects/shotbot/.venv/lib/python3.13/site-packages/pytestqt/plugin.py", line 202 in pytest_runtest_teardown
  File "/home/gabrielh/projects/shotbot/.venv/lib/python3.13/site-packages/pluggy/_callers.py", line 116 in _multicall
  File "/home/gabrielh/projects/shotbot/.venv/lib/python3.13/site-packages/pluggy/_manager.py", line 120 in _hookexec
  File "/home/gabrielh/projects/shotbot/.venv/lib/python3.13/site-packages/pluggy/_hooks.py", line 512 in __call__
  File "/home/gabrielh/projects/shotbot/.venv/lib/python3.13/site-packages/_pytest/runner.py", line 246 in <lambda>
  File "/home/gabrielh/projects/shotbot/.venv/lib/python3.13/site-packages/_pytest/runner.py", line 344 in from_call
  File "/home/gabrielh/projects/shotbot/.venv/lib/python3.13/site-packages/_pytest/runner.py", line 245 in call_and_report
  File "/home/gabrielh/projects/shotbot/.venv/lib/python3.13/site-packages/_pytest/runner.py", line 141 in runtestprotocol
  File "/home/gabrielh/projects/shotbot/.venv/lib/python3.13/site-packages/_pytest/runner.py", line 117 in pytest_runtest_protocol
  File "/home/gabrielh/projects/shotbot/.venv/lib/python3.13/site-packages/pluggy/_callers.py", line 121 in _multicall
  File "/home/gabrielh/projects/shotbot/.venv/lib/python3.13/site-packages/pluggy/_manager.py", line 120 in _hookexec
  File "/home/gabrielh/projects/shotbot/.venv/lib/python3.13/site-packages/pluggy/_hooks.py", line 512 in __call__
  File "/home/gabrielh/projects/shotbot/.venv/lib/python3.13/site-packages/xdist/remote.py", line 227 in run_one_test
  File "/home/gabrielh/projects/shotbot/.venv/lib/python3.13/site-packages/xdist/remote.py", line 206 in pytest_runtestloop
  File "/home/gabrielh/projects/shotbot/.venv/lib/python3.13/site-packages/pluggy/_callers.py", line 121 in _multicall
  File "/home/gabrielh/projects/shotbot/.venv/lib/python3.13/site-packages/pluggy/_manager.py", line 120 in _hookexec
  File "/home/gabrielh/projects/shotbot/.venv/lib/python3.13/site-packages/pluggy/_hooks.py", line 512 in __call__
  File "/home/gabrielh/projects/shotbot/.venv/lib/python3.13/site-packages/_pytest/main.py", line 343 in _main
  File "/home/gabrielh/projects/shotbot/.venv/lib/python3.13/site-packages/_pytest/main.py", line 289 in wrap_session
  File "/home/gabrielh/projects/shotbot/.venv/lib/python3.13/site-packages/_pytest/main.py", line 336 in pytest_cmdline_main
  File "/home/gabrielh/projects/shotbot/.venv/lib/python3.13/site-packages/pluggy/_callers.py", line 121 in _multicall
  File "/home/gabrielh/projects/shotbot/.venv/lib/python3.13/site-packages/pluggy/_manager.py", line 120 in _hookexec
  File "/home/gabrielh/projects/shotbot/.venv/lib/python3.13/site-packages/pluggy/_hooks.py", line 512 in __call__
  File "/home/gabrielh/projects/shotbot/.venv/lib/python3.13/site-packages/xdist/remote.py", line 427 in <module>
  File "/home/gabrielh/projects/shotbot/.venv/lib/python3.13/site-packages/execnet/gateway_base.py", line 1291 in executetask
  File "/home/gabrielh/projects/shotbot/.venv/lib/python3.13/site-packages/execnet/gateway_base.py", line 341 in run
  File "/home/gabrielh/projects/shotbot/.venv/lib/python3.13/site-packages/execnet/gateway_base.py", line 411 in _perform_spawn
  File "/home/gabrielh/projects/shotbot/.venv/lib/python3.13/site-packages/execnet/gateway_base.py", line 389 in integrate_as_primary_thread
  File "/home/gabrielh/projects/shotbot/.venv/lib/python3.13/site-packages/execnet/gateway_base.py", line 1273 in serve
  File "/home/gabrielh/projects/shotbot/.venv/lib/python3.13/site-packages/execnet/gateway_base.py", line 1806 in serve
  File "<string>", line 8 in <module>
  File "<string>", line 1 in <module>

Extension modules: shiboken6.Shiboken, PySide6.QtCore, PySide6.QtGui, PySide6.QtWidgets, PySide6.QtTest, PIL._imaging, psutil._psutil_linux, PIL._imagingmath (total: 8)
[gw3] node down: Not properly terminated
F
replacing crashed worker gw3
........................................................................ [  2%]
.............................................................s.s........ [  5%]
................................................s....................... [  8%]
........................................................................ [ 11%]
........................................................................ [ 13%]
........................................................................ [ 16%]
........................................................................ [ 19%]
........................................................................ [ 21%]
........................................................................ [ 24%]
........................................................................ [ 27%]
........................................................................ [ 29%]
........................................................................ [ 32%]
........................................................................ [ 35%]
........................................................................ [ 38%]
........................................................................ [ 40%]
........................................................................ [ 43%]
........................................................................ [ 46%]
.............................s.......................................... [ 48%]
........................................................................ [ 51%]
........................................................................ [ 54%]
........................................................................ [ 56%]
...................................................................s.... [ 59%]
............................................................s....s...... [ 62%]
........................................................................ [ 65%]
........................................................................ [ 67%]
........................................................................ [ 70%]
............s........................................................... [ 73%]
........................................................................ [ 75%]
........................................................................ [ 78%]
........................................................................ [ 81%]
........................................................................ [ 83%]
........................................................................ [ 86%]
....................................................s................... [ 89%]
.....................................s.................................. [ 92%]
........................................................................ [ 94%]
........................................................................ [ 97%]
..............................................................Fatal Python error: Segmentation fault

Thread 0x00007fab496296c0 (most recent call first):
  File "/home/gabrielh/.local/share/uv/python/cpython-3.13.3-linux-x86_64-gnu/lib/python3.13/threading.py", line 363 in wait
  File "/home/gabrielh/.local/share/uv/python/cpython-3.13.3-linux-x86_64-gnu/lib/python3.13/threading.py", line 659 in wait
  File "/home/gabrielh/.local/share/uv/python/cpython-3.13.3-linux-x86_64-gnu/lib/python3.13/threading.py", line 1340 in run
  File "/home/gabrielh/.local/share/uv/python/cpython-3.13.3-linux-x86_64-gnu/lib/python3.13/threading.py", line 1041 in _bootstrap_inner
  File "/home/gabrielh/.local/share/uv/python/cpython-3.13.3-linux-x86_64-gnu/lib/python3.13/threading.py", line 1012 in _bootstrap

Thread 0x00007fab57baa6c0 (most recent call first):
  File "/home/gabrielh/projects/shotbot/.venv/lib/python3.13/site-packages/execnet/gateway_base.py", line 534 in read
  File "/home/gabrielh/projects/shotbot/.venv/lib/python3.13/site-packages/execnet/gateway_base.py", line 567 in from_io
  File "/home/gabrielh/projects/shotbot/.venv/lib/python3.13/site-packages/execnet/gateway_base.py", line 1160 in _thread_receiver
  File "/home/gabrielh/projects/shotbot/.venv/lib/python3.13/site-packages/execnet/gateway_base.py", line 341 in run
  File "/home/gabrielh/projects/shotbot/.venv/lib/python3.13/site-packages/execnet/gateway_base.py", line 411 in _perform_spawn

Current thread 0x00007fab58199740 (most recent call first):
  File "/home/gabrielh/projects/shotbot/.venv/lib/python3.13/site-packages/pytestqt/plugin.py", line 220 in _process_events
  File "/home/gabrielh/projects/shotbot/.venv/lib/python3.13/site-packages/pytestqt/plugin.py", line 204 in pytest_runtest_teardown
  File "/home/gabrielh/projects/shotbot/.venv/lib/python3.13/site-packages/pluggy/_callers.py", line 116 in _multicall
  File "/home/gabrielh/projects/shotbot/.venv/lib/python3.13/site-packages/pluggy/_manager.py", line 120 in _hookexec
  File "/home/gabrielh/projects/shotbot/.venv/lib/python3.13/site-packages/pluggy/_hooks.py", line 512 in __call__
  File "/home/gabrielh/projects/shotbot/.venv/lib/python3.13/site-packages/_pytest/runner.py", line 246 in <lambda>
  File "/home/gabrielh/projects/shotbot/.venv/lib/python3.13/site-packages/_pytest/runner.py", line 344 in from_call
  File "/home/gabrielh/projects/shotbot/.venv/lib/python3.13/site-packages/_pytest/runner.py", line 245 in call_and_report
  File "/home/gabrielh/projects/shotbot/.venv/lib/python3.13/site-packages/_pytest/runner.py", line 141 in runtestprotocol
  File "/home/gabrielh/projects/shotbot/.venv/lib/python3.13/site-packages/_pytest/runner.py", line 117 in pytest_runtest_protocol
  File "/home/gabrielh/projects/shotbot/.venv/lib/python3.13/site-packages/pluggy/_callers.py", line 121 in _multicall
  File "/home/gabrielh/projects/shotbot/.venv/lib/python3.13/site-packages/pluggy/_manager.py", line 120 in _hookexec
  File "/home/gabrielh/projects/shotbot/.venv/lib/python3.13/site-packages/pluggy/_hooks.py", line 512 in __call__
  File "/home/gabrielh/projects/shotbot/.venv/lib/python3.13/site-packages/xdist/remote.py", line 227 in run_one_test
  File "/home/gabrielh/projects/shotbot/.venv/lib/python3.13/site-packages/xdist/remote.py", line 206 in pytest_runtestloop
  File "/home/gabrielh/projects/shotbot/.venv/lib/python3.13/site-packages/pluggy/_callers.py", line 121 in _multicall
  File "/home/gabrielh/projects/shotbot/.venv/lib/python3.13/site-packages/pluggy/_manager.py", line 120 in _hookexec
  File "/home/gabrielh/projects/shotbot/.venv/lib/python3.13/site-packages/pluggy/_hooks.py", line 512 in __call__
  File "/home/gabrielh/projects/shotbot/.venv/lib/python3.13/site-packages/_pytest/main.py", line 343 in _main
  File "/home/gabrielh/projects/shotbot/.venv/lib/python3.13/site-packages/_pytest/main.py", line 289 in wrap_session
  File "/home/gabrielh/projects/shotbot/.venv/lib/python3.13/site-packages/_pytest/main.py", line 336 in pytest_cmdline_main
  File "/home/gabrielh/projects/shotbot/.venv/lib/python3.13/site-packages/pluggy/_callers.py", line 121 in _multicall
  File "/home/gabrielh/projects/shotbot/.venv/lib/python3.13/site-packages/pluggy/_manager.py", line 120 in _hookexec
  File "/home/gabrielh/projects/shotbot/.venv/lib/python3.13/site-packages/pluggy/_hooks.py", line 512 in __call__
  File "/home/gabrielh/projects/shotbot/.venv/lib/python3.13/site-packages/xdist/remote.py", line 427 in <module>
  File "/home/gabrielh/projects/shotbot/.venv/lib/python3.13/site-packages/execnet/gateway_base.py", line 1291 in executetask
  File "/home/gabrielh/projects/shotbot/.venv/lib/python3.13/site-packages/execnet/gateway_base.py", line 341 in run
  File "/home/gabrielh/projects/shotbot/.venv/lib/python3.13/site-packages/execnet/gateway_base.py", line 411 in _perform_spawn
  File "/home/gabrielh/projects/shotbot/.venv/lib/python3.13/site-packages/execnet/gateway_base.py", line 389 in integrate_as_primary_thread
  File "/home/gabrielh/projects/shotbot/.venv/lib/python3.13/site-packages/execnet/gateway_base.py", line 1273. in serve
  File "/home/gabrielh/projects/shotbot/.venv/lib/python3.13/site-packages/execnet/gateway_base.py", line 1806 in serve
  File "<string>", line 8 in <module>
  File "<string>", line 1 in <module>

Extension modules: shiboken6.Shiboken, PySide6.QtCore, PySide6.QtGui, PySide6.QtWidgets, PySide6.QtTest, PIL._imaging, psutil._psutil_linux, PIL._imagingmath (total: 8)
[gw2] node down: Not properly terminated
F
replacing crashed worker gw2
./home/gabrielh/projects/shotbot/.venv/lib/python3.13/site-packages/coverage/control.py:946: CoverageWarning: No data was collected. (no-data-collected); see https://coverage.readthedocs.io/en/7.11.0/messages.html#warning-no-data-collected
  self._warn("No data was collected.", slug="no-data-collected")
.INTERNALERROR> def worker_internal_error(
INTERNALERROR>         self, node: WorkerController, formatted_error: str
INTERNALERROR>     ) -> None:
INTERNALERROR>         """
INTERNALERROR>         pytest_internalerror() was called on the worker.
INTERNALERROR>     
INTERNALERROR>         pytest_internalerror() arguments are an excinfo and an excrepr, which can't
INTERNALERROR>         be serialized, so we go with a poor man's solution of raising an exception
INTERNALERROR>         here ourselves using the formatted message.
INTERNALERROR>         """
INTERNALERROR>         self._active_nodes.remove(node)
INTERNALERROR>         try:
INTERNALERROR> >           assert False, formatted_error
INTERNALERROR> E           AssertionError: Traceback (most recent call last):
INTERNALERROR> E               File "/home/gabrielh/projects/shotbot/.venv/lib/python3.13/site-packages/coverage/sqlitedb.py", line 122, in _execute
INTERNALERROR> E                 return self.con.execute(sql, parameters)  # type: ignore[arg-type]
INTERNALERROR> E                        ~~~~~~~~~~~~~~~~^^^^^^^^^^^^^^^^^
INTERNALERROR> E             sqlite3.OperationalError: no such table: file
INTERNALERROR> E             
INTERNALERROR> E             During handling of the above exception, another exception occurred:
INTERNALERROR> E             
INTERNALERROR> E             Traceback (most recent call last):
INTERNALERROR> E               File "/home/gabrielh/projects/shotbot/.venv/lib/python3.13/site-packages/coverage/sqlitedb.py", line 127, in _execute
INTERNALERROR> E                 return self.con.execute(sql, parameters)  # type: ignore[arg-type]
INTERNALERROR> E                        ~~~~~~~~~~~~~~~~^^^^^^^^^^^^^^^^^
INTERNALERROR> E             sqlite3.OperationalError: no such table: file
INTERNALERROR> E             
INTERNALERROR> E             The above exception was the direct cause of the following exception:
INTERNALERROR> E             
INTERNALERROR> E             Traceback (most recent call last):
INTERNALERROR> E               File "/home/gabrielh/projects/shotbot/.venv/lib/python3.13/site-packages/_pytest/main.py", line 289, in wrap_session
INTERNALERROR> E                 session.exitstatus = doit(config, session) or 0
INTERNALERROR> E                                      ~~~~^^^^^^^^^^^^^^^^^
INTERNALERROR> E               File "/home/gabrielh/projects/shotbot/.venv/lib/python3.13/site-packages/_pytest/main.py", line 343, in _main
INTERNALERROR> E                 config.hook.pytest_runtestloop(session=session)
INTERNALERROR> E                 ~~~~~~~~~~~~~~~~~~~~~~~~~~~~~~^^^^^^^^^^^^^^^^^
INTERNALERROR> E               File "/home/gabrielh/projects/shotbot/.venv/lib/python3.13/site-packages/pluggy/_hooks.py", line 512, in __call__
INTERNALERROR> E                 return self._hookexec(self.name, self._hookimpls.copy(), kwargs, firstresult)
INTERNALERROR> E                        ~~~~~~~~~~~~~~^^^^^^^^^^^^^^^^^^^^^^^^^^^^^^^^^^^^^^^^^^^^^^^^^^^^^^^^
INTERNALERROR> E               File "/home/gabrielh/projects/shotbot/.venv/lib/python3.13/site-packages/pluggy/_manager.py", line 120, in _hookexec
INTERNALERROR> E                 return self._inner_hookexec(hook_name, methods, kwargs, firstresult)
INTERNALERROR> E                        ~~~~~~~~~~~~~~~~~~~~^^^^^^^^^^^^^^^^^^^^^^^^^^^^^^^^^^^^^^^^^
INTERNALERROR> E               File "/home/gabrielh/projects/shotbot/.venv/lib/python3.13/site-packages/pluggy/_callers.py", line 167, in _multicall
INTERNALERROR> E                 raise exception
INTERNALERROR> E               File "/home/gabrielh/projects/shotbot/.venv/lib/python3.13/site-packages/pluggy/_callers.py", line 139, in _multicall
INTERNALERROR> E                 teardown.throw(exception)
INTERNALERROR> E                 ~~~~~~~~~~~~~~^^^^^^^^^^^
INTERNALERROR> E               File "/home/gabrielh/projects/shotbot/.venv/lib/python3.13/site-packages/_pytest/logging.py", line 801, in pytest_runtestloop
INTERNALERROR> E                 return (yield)  # Run all the tests.
INTERNALERROR> E                         ^^^^^
INTERNALERROR> E               File "/home/gabrielh/projects/shotbot/.venv/lib/python3.13/site-packages/pluggy/_callers.py", line 139, in _multicall
INTERNALERROR> E                 teardown.throw(exception)
INTERNALERROR> E                 ~~~~~~~~~~~~~~^^^^^^^^^^^
INTERNALERROR> E               File "/home/gabrielh/projects/shotbot/.venv/lib/python3.13/site-packages/_pytest/terminal.py", line 688, in pytest_runtestloop
INTERNALERROR> E                 result = yield
INTERNALERROR> E                          ^^^^^
INTERNALERROR> E               File "/home/gabrielh/projects/shotbot/.venv/lib/python3.13/site-packages/pluggy/_callers.py", line 152, in _multicall
INTERNALERROR> E                 teardown.send(result)
INTERNALERROR> E                 ~~~~~~~~~~~~~^^^^^^^^
INTERNALERROR> E               File "/home/gabrielh/projects/shotbot/.venv/lib/python3.13/site-packages/pytest_cov/plugin.py", line 349, in pytest_runtestloop
INTERNALERROR> E                 self.cov_controller.finish()
INTERNALERROR> E                 ~~~~~~~~~~~~~~~~~~~~~~~~~~^^
INTERNALERROR> E               File "/home/gabrielh/projects/shotbot/.venv/lib/python3.13/site-packages/pytest_cov/engine.py", line 55, in ensure_topdir_wrapper
INTERNALERROR> E                 return meth(self, *args, **kwargs)
INTERNALERROR> E               File "/home/gabrielh/projects/shotbot/.venv/lib/python3.13/site-packages/pytest_cov/engine.py", line 436, in finish
INTERNALERROR> E                 self.cov.save()
INTERNALERROR> E                 ~~~~~~~~~~~~~^^
INTERNALERROR> E               File "/home/gabrielh/projects/shotbot/.venv/lib/python3.13/site-packages/coverage/control.py", line 843, in save
INTERNALERROR> E                 data = self.get_data()
INTERNALERROR> E               File "/home/gabrielh/projects/shotbot/.venv/lib/python3.13/site-packages/coverage/control.py", line 924, in get_data
INTERNALERROR> E                 self._post_save_work()
INTERNALERROR> E                 ~~~~~~~~~~~~~~~~~~~~^^
INTERNALERROR> E               File "/home/gabrielh/projects/shotbot/.venv/lib/python3.13/site-packages/coverage/control.py", line 955, in _post_save_work
INTERNALERROR> E                 self._data.touch_files(paths, plugin_name)
INTERNALERROR> E                 ~~~~~~~~~~~~~~~~~~~~~~^^^^^^^^^^^^^^^^^^^^
INTERNALERROR> E               File "/home/gabrielh/projects/shotbot/.venv/lib/python3.13/site-packages/coverage/sqldata.py", line 662, in touch_files
INTERNALERROR> E                 self._file_id(filename, add=True)
INTERNALERROR> E                 ~~~~~~~~~~~~~^^^^^^^^^^^^^^^^^^^^
INTERNALERROR> E               File "/home/gabrielh/projects/shotbot/.venv/lib/python3.13/site-packages/coverage/sqldata.py", line 444, in _file_id
INTERNALERROR> E                 self._file_map[filename] = con.execute_for_rowid(
INTERNALERROR> E                                            ~~~~~~~~~~~~~~~~~~~~~^
INTERNALERROR> E                     "INSERT OR REPLACE INTO file (path) VALUES (?)",
INTERNALERROR> E                     ^^^^^^^^^^^^^^^^^^^^^^^^^^^^^^^^^^^^^^^^^^^^^^^^
INTERNALERROR> E                     (filename,),
INTERNALERROR> E                     ^^^^^^^^^^^^
INTERNALERROR> E                 )
INTERNALERROR> E                 ^
INTERNALERROR> E               File "/home/gabrielh/projects/shotbot/.venv/lib/python3.13/site-packages/coverage/sqlitedb.py", line 178, in execute_for_rowid
INTERNALERROR> E                 with self.execute(sql, parameters) as cur:
INTERNALERROR> E                      ~~~~~~~~~~~~^^^^^^^^^^^^^^^^^
INTERNALERROR> E               File "/home/gabrielh/.local/share/uv/python/cpython-3.13.3-linux-x86_64-gnu/lib/python3.13/contextlib.py", line 141, in __enter__
INTERNALERROR> E                 return next(self.gen)
INTERNALERROR> E               File "/home/gabrielh/projects/shotbot/.venv/lib/python3.13/site-packages/coverage/sqlitedb.py", line 157, in execute
INTERNALERROR> E                 cur = self._execute(sql, parameters)
INTERNALERROR> E               File "/home/gabrielh/projects/shotbot/.venv/lib/python3.13/site-packages/coverage/sqlitedb.py", line 145, in _executeTimeout (0:02:00)!
Thread 0x00007fc701ffb6c0 (most recent call first):
  File "/home/gabrielh/projects/shotbot/persistent_terminal_manager.py", line 431 in _find_dispatcher_pid
  File "/home/gabrielh/projects/shotbot/persistent_terminal_manager.py", line 482 in _is_dispatcher_alive
  File "/home/gabrielh/projects/shotbot/persistent_terminal_manager.py", line 588 in _is_dispatcher_healthy
  File "/home/gabrielh/projects/shotbot/persistent_terminal_manager.py", line 1050 in _ensure_dispatcher_healthy
  File "/home/gabrielh/projects/shotbot/persistent_terminal_manager.py", line 144 in _run_send_command
  File "/home/gabrielh/projects/shotbot/persistent_terminal_manager.py", line 86 in do_work
  File "/home/gabrielh/projects/shotbot/thread_safe_worker.py", line 351 in run

Thread 0x00007fc712e296c0 (most recent call first):
  File "/home/gabrielh/.local/share/uv/python/cpython-3.13.3-linux-x86_64-gnu/lib/python3.13/threading.py", line 1342 in run
  File "/home/gabrielh/.local/share/uv/python/cpython-3.13.3-linux-x86_64-gnu/lib/python3.13/threading.py", line 1041 in _bootstrap_inner
  File "/home/gabrielh/.local/share/uv/python/cpython-3.13.3-linux-x86_64-gnu/lib/python3.13/threading.py", line 1012 in _bootstrap

Thread 0x00007fc72139b6c0 (most recent call first):
  File "/home/gabrielh/.local/share/uv/python/cpython-3.13.3-linux-x86_64-gnu/lib/python3.13/threading.py", line 363 in wait
  File "/home/gabrielh/.local/share/uv/python/cpython-3.13.3-linux-x86_64-gnu/lib/python3.13/threading.py", line 659 in wait
  File "/home/gabrielh/projects/shotbot/.venv/lib/python3.13/site-packages/execnet/gateway_base.py", line 470 in waitall
  File "/home/gabrielh/projects/shotbot/.venv/lib/python3.13/site-packages/execnet/gateway_base.py", line 1239 in _terminate_execution
  File "/home/gabrielh/projects/shotbot/.venv/lib/python3.13/site-packages/execnet/gateway_base.py", line 1176 in _thread_receiver
  File "/home/gabrielh/projects/shotbot/.venv/lib/python3.13/site-packages/execnet/gateway_base.py", line 341 in run
  File "/home/gabrielh/projects/shotbot/.venv/lib/python3.13/site-packages/execnet/gateway_base.py", line 411 in _perform_spawn

Thread 0x00007fc72198a740 (most recent call first):
  File "/home/gabrielh/projects/shotbot/persistent_terminal_manager.py", line 405 in _is_terminal_alive
  File "/home/gabrielh/projects/shotbot/persistent_terminal_manager.py", line 1353 in cleanup
  File "/home/gabrielh/projects/shotbot/cleanup_manager.py", line 212 in _cleanup_terminal
  File "/home/gabrielh/projects/shotbot/cleanup_manager.py", line 75 in perform_cleanup
  File "/home/gabrielh/projects/shotbot/main_window.py", line 1555 in closeEvent
  File "/home/gabrielh/projects/shotbot/.venv/lib/python3.13/site-packages/pytestqt/qtbot.py", line 808 in _close_widgets
  File "/home/gabrielh/projects/shotbot/.venv/lib/python3.13/site-packages/pytestqt/plugin.py", line 203 in pytest_runtest_teardown
  File "/home/gabrielh/projects/shotbot/.venv/lib/python3.13/site-packages/pluggy/_callers.py", line 116 in _multicall
  File "/home/gabrielh/projects/shotbot/.venv/lib/python3.13/site-packages/pluggy/_manager.py", line 120 in _hookexec
  File "/home/gabrielh/projects/shotbot/.venv/lib/python3.13/site-packages/pluggy/_hooks.py", line 512 in __call__
  File "/home/gabrielh/projects/shotbot/.venv/lib/python3.13/site-packages/_pytest/runner.py", line 246 in <lambda>
  File "/home/gabrielh/projects/shotbot/.venv/lib/python3.13/site-packages/_pytest/runner.py", line 344 in from_call
  File "/home/gabrielh/projects/shotbot/.venv/lib/python3.13/site-packages/_pytest/runner.py", line 245 in call_and_report
  File "/home/gabrielh/projects/shotbot/.venv/lib/python3.13/site-packages/_pytest/runner.py", line 141 in runtestprotocol
  File "/home/gabrielh/projects/shotbot/.venv/lib/python3.13/site-packages/_pytest/runner.py", line 117 in pytest_runtest_protocol
  File "/home/gabrielh/projects/shotbot/.venv/lib/python3.13/site-packages/pluggy/_callers.py", line 121 in _multicall
  File "/home/gabrielh/projects/shotbot/.venv/lib/python3.13/site-packages/pluggy/_manager.py", line 120 in _hookexec
  File "/home/gabrielh/projects/shotbot/.venv/lib/python3.13/site-packages/pluggy/_hooks.py", line 512 in __call__
  File "/home/gabrielh/projects/shotbot/.venv/lib/python3.13/site-packages/xdist/remote.py", line 227 in run_one_test
  File "/home/gabrielh/projects/shotbot/.venv/lib/python3.13/site-packages/xdist/remote.py", line 206 in pytest_runtestloop
  File "/home/gabrielh/projects/shotbot/.venv/lib/python3.13/site-packages/pluggy/_callers.py", line 121 in _multicall
  File "/home/gabrielh/projects/shotbot/.venv/lib/python3.13/site-packages/pluggy/_manager.py", line 120 in _hookexec
  File "/home/gabrielh/projects/shotbot/.venv/lib/python3.13/site-packages/pluggy/_hooks.py", line 512 in __call__
  File "/home/gabrielh/projects/shotbot/.venv/lib/python3.13/site-packages/_pytest/main.py", line 343 in _main
  File "/home/gabrielh/projects/shotbot/.venv/lib/python3.13/site-packages/_pytest/main.py", line 289 in wrap_session
  File "/home/gabrielh/projects/shotbot/.venv/lib/python3.13/site-packages/_pytest/main.py", line 336 in pytest_cmdline_main
  File "/home/gabrielh/projects/shotbot/.venv/lib/python3.13/site-packages/pluggy/_callers.py", line 121 in _multicall
  File "/home/gabrielh/projects/shotbot/.venv/lib/python3.13/site-packages/pluggy/_manager.py", line 120 in _hookexec
  File "/home/gabrielh/projects/shotbot/.venv/lib/python3.13/site-packages/pluggy/_hooks.py", line 512 in __call__
  File "/home/gabrielh/projects/shotbot/.venv/lib/python3.13/site-packages/xdist/remote.py", line 427 in <module>
  File "/home/gabrielh/projects/shotbot/.venv/lib/python3.13/site-packages/execnet/gateway_base.py", line 1291 in executetask
  File "/home/gabrielh/projects/shotbot/.venv/lib/python3.13/site-packages/execnet/gateway_base.py", line 341 in run
  File "/home/gabrielh/projects/shotbot/.venv/lib/python3.13/site-packages/execnet/gateway_base.py", line 411 in _perform_spawn
  File "/home/gabrielh/projects/shotbot/.venv/lib/python3.13/site-packages/execnet/gateway_base.py", line 389 in integrate_as_primary_thread
  File "/home/gabrielh/projects/shotbot/.venv/lib/python3.13/site-packages/execnet/gateway_base.py", line 1273 in serve
  File "/home/gabrielh/projects/shotbot/.venv/lib/python3.13/site-packages/execnet/gateway_base.py", line 1806 in serve
  File "<string>", line 8 in <module>
  File "<string>", line 1 in <module>

INTERNALERROR> E                 raise DataError(f"Couldn't use data file {self.filename!r}: {msg}") from exc
INTERNALERROR> E             coverage.exceptions.DataError: Couldn't use data file '/home/gabrielh/projects/shotbot/.coverage.Gab-ROG.475992.XECJLUtx': no such table: file
INTERNALERROR> E           assert False
INTERNALERROR> 
INTERNALERROR> .venv/lib/python3.13/site-packages/xdist/dsession.py:232: AssertionError
INTERNALERROR> Traceback (most recent call last):
INTERNALERROR>   File "/home/gabrielh/projects/shotbot/.venv/lib/python3.13/site-packages/_pytest/main.py", line 289, in wrap_session
INTERNALERROR>     session.exitstatus = doit(config, session) or 0
INTERNALERROR>                          ~~~~^^^^^^^^^^^^^^^^^
INTERNALERROR>   File "/home/gabrielh/projects/shotbot/.venv/lib/python3.13/site-packages/_pytest/main.py", line 343, in _main
INTERNALERROR>     config.hook.pytest_runtestloop(session=session)
INTERNALERROR>     ~~~~~~~~~~~~~~~~~~~~~~~~~~~~~~^^^^^^^^^^^^^^^^^
INTERNALERROR>   File "/home/gabrielh/projects/shotbot/.venv/lib/python3.13/site-packages/pluggy/_hooks.py", line 512, in __call__
INTERNALERROR>     return self._hookexec(self.name, self._hookimpls.copy(), kwargs, firstresult)
INTERNALERROR>            ~~~~~~~~~~~~~~^^^^^^^^^^^^^^^^^^^^^^^^^^^^^^^^^^^^^^^^^^^^^^^^^^^^^^^^
INTERNALERROR>   File "/home/gabrielh/projects/shotbot/.venv/lib/python3.13/site-packages/pluggy/_manager.py", line 120, in _hookexec
INTERNALERROR>     return self._inner_hookexec(hook_name, methods, kwargs, firstresult)
INTERNALERROR>            ~~~~~~~~~~~~~~~~~~~~^^^^^^^^^^^^^^^^^^^^^^^^^^^^^^^^^^^^^^^^^
INTERNALERROR>   File "/home/gabrielh/projects/shotbot/.venv/lib/python3.13/site-packages/pluggy/_callers.py", line 167, in _multicall
INTERNALERROR>     raise exception
INTERNALERROR>   File "/home/gabrielh/projects/shotbot/.venv/lib/python3.13/site-packages/pluggy/_callers.py", line 139, in _multicall
INTERNALERROR>     teardown.throw(exception)
INTERNALERROR>     ~~~~~~~~~~~~~~^^^^^^^^^^^
INTERNALERROR>   File "/home/gabrielh/projects/shotbot/.venv/lib/python3.13/site-packages/_pytest/logging.py", line 801, in pytest_runtestloop
INTERNALERROR>     return (yield)  # Run all the tests.
INTERNALERROR>             ^^^^^
INTERNALERROR>   File "/home/gabrielh/projects/shotbot/.venv/lib/python3.13/site-packages/pluggy/_callers.py", line 139, in _multicall
INTERNALERROR>     teardown.throw(exception)
INTERNALERROR>     ~~~~~~~~~~~~~~^^^^^^^^^^^
INTERNALERROR>   File "/home/gabrielh/projects/shotbot/.venv/lib/python3.13/site-packages/_pytest/terminal.py", line 688, in pytest_runtestloop
INTERNALERROR>     result = yield
INTERNALERROR>              ^^^^^
INTERNALERROR>   File "/home/gabrielh/projects/shotbot/.venv/lib/python3.13/site-packages/pluggy/_callers.py", line 139, in _multicall
INTERNALERROR>     teardown.throw(exception)
INTERNALERROR>     ~~~~~~~~~~~~~~^^^^^^^^^^^
INTERNALERROR>   File "/home/gabrielh/projects/shotbot/.venv/lib/python3.13/site-packages/pytest_cov/plugin.py", line 345, in pytest_runtestloop
INTERNALERROR>     result = yield
INTERNALERROR>              ^^^^^
INTERNALERROR>   File "/home/gabrielh/projects/shotbot/.venv/lib/python3.13/site-packages/pluggy/_callers.py", line 121, in _multicall
INTERNALERROR>     res = hook_impl.function(*args)
INTERNALERROR>   File "/home/gabrielh/projects/shotbot/.venv/lib/python3.13/site-packages/xdist/dsession.py", line 138, in pytest_runtestloop
INTERNALERROR>     self.loop_once()
INTERNALERROR>     ~~~~~~~~~~~~~~^^
INTERNALERROR>   File "/home/gabrielh/projects/shotbot/.venv/lib/python3.13/site-packages/xdist/dsession.py", line 163, in loop_once
INTERNALERROR>     call(**kwargs)
INTERNALERROR>     ~~~~^^^^^^^^^^
INTERNALERROR>   File "/home/gabrielh/projects/shotbot/.venv/lib/python3.13/site-packages/xdist/dsession.py", line 218, in worker_workerfinished
INTERNALERROR>     self._active_nodes.remove(node)
INTERNALERROR>     ~~~~~~~~~~~~~~~~~~~~~~~~~^^^^^^
INTERNALERROR> KeyError: <WorkerController gw9>

===== 2 failed, 2654 passed, 10 skipped, 319 warnings in 135.19s (0:02:15) =====
